<?xml version="1.0" encoding="UTF-8"?>
<!-- Generated by org.testng.reporters.JUnitReportReporter -->
<testsuite hostname="DESKTOP-4MSVC5H" failures="0" tests="3" name="sel1.CrossBr" time="67.692" errors="0" timestamp="2023-10-20T14:44:51 IST" skipped="0">
  <testcase classname="sel1.CrossBr" name="petStoreTc1" time="22.635"/>
  <system-out/>
  <testcase classname="sel1.CrossBr" name="petStoreTc1" time="21.248"/>
  <system-out/>
  <testcase classname="sel1.CrossBr" name="petStoreTc1" time="23.809"/>
  <system-out/>
</testsuite> <!-- sel1.CrossBr -->
